

Microchip MPLAB XC8 Assembler V2.40 build 20220703182018 
                                                                                               Tue Apr 25 20:45:39 2023

Microchip MPLAB XC8 C Compiler v2.40 (Free license) build 20220703182018 Og1 
     1                           	processor	16F887
     2                           	pagewidth 120
     3                           	opt	flic
     4                           	psect	cinit,global,class=CODE,merge=1,delta=2
     5                           	psect	bssCOMMON,global,class=COMMON,space=1,delta=1,noexec
     6                           	psect	cstackCOMMON,global,class=COMMON,space=1,delta=1,noexec
     7                           	psect	cstackBANK0,global,class=BANK0,space=1,delta=1,noexec
     8                           	psect	maintext,global,class=CODE,split=1,delta=2
     9                           	psect	text1,local,class=CODE,merge=1,delta=2
    10                           	psect	text2,local,class=CODE,merge=1,delta=2
    11                           	psect	text3,local,class=CODE,merge=1,delta=2
    12                           	psect	text4,local,class=CODE,merge=1,delta=2
    13                           	psect	text5,local,class=CODE,merge=1,delta=2
    14                           	psect	text6,local,class=CODE,merge=1,delta=2
    15                           	psect	text7,local,class=CODE,merge=1,delta=2
    16                           	psect	text8,local,class=CODE,merge=1,delta=2
    17                           	psect	text9,local,class=CODE,merge=1,delta=2
    18                           	psect	text10,local,class=CODE,merge=1,delta=2
    19                           	psect	intentry,global,class=CODE,delta=2
    20                           	psect	text11,local,class=CODE,merge=1,delta=2
    21                           	psect	text12,local,class=CODE,merge=1,delta=2
    22                           	psect	idloc,global,abs,ovrld,class=IDLOC,space=5,delta=2,noexec
    23                           	psect	config,global,abs,ovrld,class=CONFIG,space=4,delta=2,noexec
    24                           	dabs	1,0x7E,2
    25     0000                     
    26                           ; Version 2.40
    27                           ; Generated 17/11/2021 GMT
    28                           ; 
    29                           ; Copyright © 2021, Microchip Technology Inc. and its subsidiaries ("Microchip")
    30                           ; All rights reserved.
    31                           ; 
    32                           ; This software is developed by Microchip Technology Inc. and its subsidiaries ("Microch
      +                          ip").
    33                           ; 
    34                           ; Redistribution and use in source and binary forms, with or without modification, are
    35                           ; permitted provided that the following conditions are met:
    36                           ; 
    37                           ;     1. Redistributions of source code must retain the above copyright notice, this lis
      +                          t of
    38                           ;        conditions and the following disclaimer.
    39                           ; 
    40                           ;     2. Redistributions in binary form must reproduce the above copyright notice, this 
      +                          list
    41                           ;        of conditions and the following disclaimer in the documentation and/or other
    42                           ;        materials provided with the distribution. Publication is not required when
    43                           ;        this file is used in an embedded application.
    44                           ; 
    45                           ;     3. Microchip's name may not be used to endorse or promote products derived from th
      +                          is
    46                           ;        software without specific prior written permission.
    47                           ; 
    48                           ; THIS SOFTWARE IS PROVIDED BY MICROCHIP "AS IS" AND ANY EXPRESS OR IMPLIED WARRANTIES,
    49                           ; INCLUDING, BUT NOT LIMITED TO, THE IMPLIED WARRANTIES OF MERCHANTABILITY AND FITNESS F
      +                          OR
    50                           ; PURPOSE ARE DISCLAIMED.  IN NO EVENT SHALL MICROCHIP BE LIABLE FOR ANY DIRECT, INDIREC
      +                          T,
    51                           ; INCIDENTAL, SPECIAL, EXEMPLARY, OR CONSEQUENTIAL DAMAGES (INCLUDING BUT NOT LIMITED TO
    52                           ; PROCUREMENT OF SUBSTITUTE GOODS OR SERVICES; LOSS OF USE, DATA OR PROFITS; OR BUSINESS
    53                           ; INTERRUPTION) HOWSOEVER CAUSED AND ON ANY THEORY OF LIABILITY, WHETHER IN CONTRACT, ST
      +                          RICT
    54                           ; LIABILITY, OR TORT (INCLUDING NEGLIGENCE OR OTHERWISE) ARISING IN ANY WAY OUT OF THE U
      +                          SE OF
    55                           ; THIS SOFTWARE, EVEN IF ADVISED OF THE POSSIBILITY OF SUCH DAMAGE.
    56                           ; 
    57                           ; 
    58                           ; Code-generator required, PIC16F887 Definitions
    59                           ; 
    60                           ; SFR Addresses
    61     0000                     	;# 
    62     0001                     	;# 
    63     0002                     	;# 
    64     0003                     	;# 
    65     0004                     	;# 
    66     0005                     	;# 
    67     0006                     	;# 
    68     0007                     	;# 
    69     0008                     	;# 
    70     0009                     	;# 
    71     000A                     	;# 
    72     000B                     	;# 
    73     000C                     	;# 
    74     000D                     	;# 
    75     000E                     	;# 
    76     000E                     	;# 
    77     000F                     	;# 
    78     0010                     	;# 
    79     0011                     	;# 
    80     0012                     	;# 
    81     0013                     	;# 
    82     0014                     	;# 
    83     0015                     	;# 
    84     0015                     	;# 
    85     0016                     	;# 
    86     0017                     	;# 
    87     0018                     	;# 
    88     0019                     	;# 
    89     001A                     	;# 
    90     001B                     	;# 
    91     001B                     	;# 
    92     001C                     	;# 
    93     001D                     	;# 
    94     001E                     	;# 
    95     001F                     	;# 
    96     0081                     	;# 
    97     0085                     	;# 
    98     0086                     	;# 
    99     0087                     	;# 
   100     0088                     	;# 
   101     0089                     	;# 
   102     008C                     	;# 
   103     008D                     	;# 
   104     008E                     	;# 
   105     008F                     	;# 
   106     0090                     	;# 
   107     0091                     	;# 
   108     0092                     	;# 
   109     0093                     	;# 
   110     0093                     	;# 
   111     0093                     	;# 
   112     0094                     	;# 
   113     0095                     	;# 
   114     0096                     	;# 
   115     0097                     	;# 
   116     0098                     	;# 
   117     0099                     	;# 
   118     009A                     	;# 
   119     009B                     	;# 
   120     009C                     	;# 
   121     009D                     	;# 
   122     009E                     	;# 
   123     009F                     	;# 
   124     0105                     	;# 
   125     0107                     	;# 
   126     0108                     	;# 
   127     0109                     	;# 
   128     010C                     	;# 
   129     010C                     	;# 
   130     010D                     	;# 
   131     010E                     	;# 
   132     010F                     	;# 
   133     0185                     	;# 
   134     0187                     	;# 
   135     0188                     	;# 
   136     0189                     	;# 
   137     018C                     	;# 
   138     018D                     	;# 
   139     0000                     	;# 
   140     0001                     	;# 
   141     0002                     	;# 
   142     0003                     	;# 
   143     0004                     	;# 
   144     0005                     	;# 
   145     0006                     	;# 
   146     0007                     	;# 
   147     0008                     	;# 
   148     0009                     	;# 
   149     000A                     	;# 
   150     000B                     	;# 
   151     000C                     	;# 
   152     000D                     	;# 
   153     000E                     	;# 
   154     000E                     	;# 
   155     000F                     	;# 
   156     0010                     	;# 
   157     0011                     	;# 
   158     0012                     	;# 
   159     0013                     	;# 
   160     0014                     	;# 
   161     0015                     	;# 
   162     0015                     	;# 
   163     0016                     	;# 
   164     0017                     	;# 
   165     0018                     	;# 
   166     0019                     	;# 
   167     001A                     	;# 
   168     001B                     	;# 
   169     001B                     	;# 
   170     001C                     	;# 
   171     001D                     	;# 
   172     001E                     	;# 
   173     001F                     	;# 
   174     0081                     	;# 
   175     0085                     	;# 
   176     0086                     	;# 
   177     0087                     	;# 
   178     0088                     	;# 
   179     0089                     	;# 
   180     008C                     	;# 
   181     008D                     	;# 
   182     008E                     	;# 
   183     008F                     	;# 
   184     0090                     	;# 
   185     0091                     	;# 
   186     0092                     	;# 
   187     0093                     	;# 
   188     0093                     	;# 
   189     0093                     	;# 
   190     0094                     	;# 
   191     0095                     	;# 
   192     0096                     	;# 
   193     0097                     	;# 
   194     0098                     	;# 
   195     0099                     	;# 
   196     009A                     	;# 
   197     009B                     	;# 
   198     009C                     	;# 
   199     009D                     	;# 
   200     009E                     	;# 
   201     009F                     	;# 
   202     0105                     	;# 
   203     0107                     	;# 
   204     0108                     	;# 
   205     0109                     	;# 
   206     010C                     	;# 
   207     010C                     	;# 
   208     010D                     	;# 
   209     010E                     	;# 
   210     010F                     	;# 
   211     0185                     	;# 
   212     0187                     	;# 
   213     0188                     	;# 
   214     0189                     	;# 
   215     018C                     	;# 
   216     018D                     	;# 
   217     0000                     	;# 
   218     0001                     	;# 
   219     0002                     	;# 
   220     0003                     	;# 
   221     0004                     	;# 
   222     0005                     	;# 
   223     0006                     	;# 
   224     0007                     	;# 
   225     0008                     	;# 
   226     0009                     	;# 
   227     000A                     	;# 
   228     000B                     	;# 
   229     000C                     	;# 
   230     000D                     	;# 
   231     000E                     	;# 
   232     000E                     	;# 
   233     000F                     	;# 
   234     0010                     	;# 
   235     0011                     	;# 
   236     0012                     	;# 
   237     0013                     	;# 
   238     0014                     	;# 
   239     0015                     	;# 
   240     0015                     	;# 
   241     0016                     	;# 
   242     0017                     	;# 
   243     0018                     	;# 
   244     0019                     	;# 
   245     001A                     	;# 
   246     001B                     	;# 
   247     001B                     	;# 
   248     001C                     	;# 
   249     001D                     	;# 
   250     001E                     	;# 
   251     001F                     	;# 
   252     0081                     	;# 
   253     0085                     	;# 
   254     0086                     	;# 
   255     0087                     	;# 
   256     0088                     	;# 
   257     0089                     	;# 
   258     008C                     	;# 
   259     008D                     	;# 
   260     008E                     	;# 
   261     008F                     	;# 
   262     0090                     	;# 
   263     0091                     	;# 
   264     0092                     	;# 
   265     0093                     	;# 
   266     0093                     	;# 
   267     0093                     	;# 
   268     0094                     	;# 
   269     0095                     	;# 
   270     0096                     	;# 
   271     0097                     	;# 
   272     0098                     	;# 
   273     0099                     	;# 
   274     009A                     	;# 
   275     009B                     	;# 
   276     009C                     	;# 
   277     009D                     	;# 
   278     009E                     	;# 
   279     009F                     	;# 
   280     0105                     	;# 
   281     0107                     	;# 
   282     0108                     	;# 
   283     0109                     	;# 
   284     010C                     	;# 
   285     010C                     	;# 
   286     010D                     	;# 
   287     010E                     	;# 
   288     010F                     	;# 
   289     0185                     	;# 
   290     0187                     	;# 
   291     0188                     	;# 
   292     0189                     	;# 
   293     018C                     	;# 
   294     018D                     	;# 
   295     0009                     _PORTE	set	9
   296     0006                     _PORTB	set	6
   297     0005                     _PORTA	set	5
   298     000B                     _INTCONbits	set	11
   299     001F                     _ADCON0bits	set	31
   300     0008                     _PORTD	set	8
   301     001E                     _ADRESH	set	30
   302     0007                     _PORTC	set	7
   303     005B                     _RBIE	set	91
   304     005E                     _PEIE	set	94
   305     005F                     _GIE	set	95
   306     0033                     _RB3	set	51
   307     0032                     _RB2	set	50
   308     0031                     _RB1	set	49
   309     0048                     _RE0	set	72
   310     0030                     _RB0	set	48
   311     0058                     _RBIF	set	88
   312     0066                     _ADIF	set	102
   313     0096                     _IOCB	set	150
   314     0081                     _OPTION_REGbits	set	129
   315     009F                     _ADCON1bits	set	159
   316     008F                     _OSCCONbits	set	143
   317     0089                     _TRISE	set	137
   318     0088                     _TRISD	set	136
   319     0087                     _TRISC	set	135
   320     0086                     _TRISB	set	134
   321     0085                     _TRISA	set	133
   322     0466                     _ADIE	set	1126
   323     010C                     _EEDAT	set	268
   324     010D                     _EEADR	set	269
   325     0189                     _ANSELH	set	393
   326     0188                     _ANSEL	set	392
   327     018D                     _EECON2	set	397
   328     018C                     _EECON1bits	set	396
   329     0C60                     _RD	set	3168
   330     0C61                     _WR	set	3169
   331                           
   332                           	psect	cinit
   333     000F                     start_initialization:	
   334                           ; #config settings
   335                           
   336     000F                     __initialization:
   337                           
   338                           ; Clear objects allocated to COMMON
   339     000F  01F5               	clrf	__pbssCOMMON& (0+127)
   340     0010  01F6               	clrf	(__pbssCOMMON+1)& (0+127)
   341     0011  01F7               	clrf	(__pbssCOMMON+2)& (0+127)
   342     0012                     end_of_initialization:	
   343                           ;End of C runtime variable initialization code
   344                           
   345     0012                     __end_of__initialization:
   346     0012  0183               	clrf	3
   347     0013  120A  118A  2893   	ljmp	_main	;jump to C main() function
   348                           
   349                           	psect	bssCOMMON
   350     0075                     __pbssCOMMON:
   351     0075                     _mimir:
   352     0075                     	ds	1
   353     0076                     _dato:
   354     0076                     	ds	1
   355     0077                     _address:
   356     0077                     	ds	1
   357                           
   358                           	psect	cstackCOMMON
   359     0070                     __pcstackCOMMON:
   360     0070                     ?_wrt_EEPROM:
   361     0070                     ?_Lec_EEPROM:	
   362                           ; 1 bytes @ 0x0
   363                           
   364     0070                     ??_Lec_EEPROM:	
   365                           ; 1 bytes @ 0x0
   366                           
   367     0070                     ?_setup:	
   368                           ; 1 bytes @ 0x0
   369                           
   370     0070                     ?_config_IO:	
   371                           ; 1 bytes @ 0x0
   372                           
   373     0070                     ?_config_reloj:	
   374                           ; 1 bytes @ 0x0
   375                           
   376     0070                     ?_config_timer0:	
   377                           ; 1 bytes @ 0x0
   378                           
   379     0070                     ?_config_innable:	
   380                           ; 1 bytes @ 0x0
   381                           
   382     0070                     ?_selec_ch:	
   383                           ; 1 bytes @ 0x0
   384                           
   385     0070                     ?_selec_volti:	
   386                           ; 1 bytes @ 0x0
   387                           
   388     0070                     ?_selec_reloj:	
   389                           ; 1 bytes @ 0x0
   390                           
   391     0070                     ?_selec_just:	
   392                           ; 1 bytes @ 0x0
   393                           
   394     0070                     ?_isr:	
   395                           ; 1 bytes @ 0x0
   396                           
   397     0070                     ?_main:	
   398                           ; 1 bytes @ 0x0
   399                           
   400     0070                     Lec_EEPROM@address:	
   401                           ; 1 bytes @ 0x0
   402                           
   403     0070                     wrt_EEPROM@data:	
   404                           ; 1 bytes @ 0x0
   405                           
   406                           
   407                           ; 1 bytes @ 0x0
   408     0070                     	ds	1
   409     0071                     ??_wrt_EEPROM:
   410     0071                     wrt_EEPROM@address:	
   411                           ; 1 bytes @ 0x1
   412                           
   413                           
   414                           ; 1 bytes @ 0x1
   415     0071                     	ds	1
   416     0072                     wrt_EEPROM@gieStatus:
   417                           
   418                           ; 1 bytes @ 0x2
   419     0072                     	ds	1
   420     0073                     ??_isr:
   421                           
   422                           ; 1 bytes @ 0x3
   423     0073                     	ds	2
   424     0075                     ??_config_IO:
   425     0075                     ??_config_reloj:	
   426                           ; 1 bytes @ 0x5
   427                           
   428     0075                     ??_config_timer0:	
   429                           ; 1 bytes @ 0x5
   430                           
   431     0075                     ??_config_innable:	
   432                           ; 1 bytes @ 0x5
   433                           
   434     0075                     ??_selec_ch:	
   435                           ; 1 bytes @ 0x5
   436                           
   437     0075                     ??_selec_volti:	
   438                           ; 1 bytes @ 0x5
   439                           
   440     0075                     ??_selec_reloj:	
   441                           ; 1 bytes @ 0x5
   442                           
   443     0075                     ??_selec_just:	
   444                           ; 1 bytes @ 0x5
   445                           
   446                           
   447                           	psect	cstackBANK0
   448     0020                     __pcstackBANK0:	
   449                           ; 1 bytes @ 0x5
   450                           
   451     0020                     ??_setup:
   452                           
   453                           ; 1 bytes @ 0x0
   454     0020                     	ds	2
   455     0022                     ??_main:
   456                           
   457                           ; 1 bytes @ 0x2
   458     0022                     	ds	2
   459                           
   460                           	psect	maintext
   461     0093                     __pmaintext:	
   462 ;;
   463 ;;Main: autosize = 0, tempsize = 2, incstack = 0, save=0
   464 ;;
   465 ;; *************** function _main *****************
   466 ;; Defined at:
   467 ;;		line 91 in file "EEPROM.c"
   468 ;; Parameters:    Size  Location     Type
   469 ;;		None
   470 ;; Auto vars:     Size  Location     Type
   471 ;;		None
   472 ;; Return value:  Size  Location     Type
   473 ;;                  1    wreg      void 
   474 ;; Registers used:
   475 ;;		wreg, status,2, status,0, pclath, cstack
   476 ;; Tracked objects:
   477 ;;		On entry : B00/0
   478 ;;		On exit  : 0/0
   479 ;;		Unchanged: 0/0
   480 ;; Data sizes:     COMMON   BANK0   BANK1   BANK3   BANK2
   481 ;;      Params:         0       0       0       0       0
   482 ;;      Locals:         0       0       0       0       0
   483 ;;      Temps:          0       2       0       0       0
   484 ;;      Totals:         0       2       0       0       0
   485 ;;Total ram usage:        2 bytes
   486 ;; Hardware stack levels required when called: 4
   487 ;; This function calls:
   488 ;;		_setup
   489 ;; This function is called by:
   490 ;;		Startup code after reset
   491 ;; This function uses a non-reentrant model
   492 ;;
   493                           
   494     0093                     _main:	
   495                           ;psect for function _main
   496                           
   497     0093                     l985:	
   498                           ;incstack = 0
   499                           ; Regs used in _main: [wreg+status,2+status,0+pclath+cstack]
   500                           
   501                           
   502                           ;EEPROM.c: 93:     setup();
   503     0093  120A  118A  205C  120A  118A  	fcall	_setup
   504     0098                     l987:
   505                           
   506                           ;EEPROM.c: 94:     ADCON0bits.GO = 1;
   507     0098  1283               	bcf	3,5	;RP0=0, select bank0
   508     0099  1303               	bcf	3,6	;RP1=0, select bank0
   509     009A  149F               	bsf	31,1	;volatile
   510     009B                     l989:
   511                           
   512                           ;EEPROM.c: 97:     {;EEPROM.c: 99:       if(ADCON0bits.GO == 0)
   513     009B  1283               	bcf	3,5	;RP0=0, select bank0
   514     009C  1303               	bcf	3,6	;RP1=0, select bank0
   515     009D  189F               	btfsc	31,1	;volatile
   516     009E  28A0               	goto	u191
   517     009F  28A1               	goto	u190
   518     00A0                     u191:
   519     00A0  28AF               	goto	l995
   520     00A1                     u190:
   521     00A1                     l991:
   522                           
   523                           ;EEPROM.c: 100:       {;EEPROM.c: 101:         _delay((unsigned long)((10)*(8000000/4000
      +                          .0)));
   524     00A1  301A               	movlw	26
   525     00A2  1283               	bcf	3,5	;RP0=0, select bank0
   526     00A3  1303               	bcf	3,6	;RP1=0, select bank0
   527     00A4  00A3               	movwf	??_main+1
   528     00A5  30F7               	movlw	247
   529     00A6  00A2               	movwf	??_main
   530     00A7                     u217:
   531     00A7  0BA2               	decfsz	??_main,f
   532     00A8  28A7               	goto	u217
   533     00A9  0BA3               	decfsz	??_main+1,f
   534     00AA  28A7               	goto	u217
   535     00AB  28AC               	nop2
   536     00AC                     l993:
   537                           
   538                           ;EEPROM.c: 102:         ADCON0bits.GO = 1;
   539     00AC  1283               	bcf	3,5	;RP0=0, select bank0
   540     00AD  1303               	bcf	3,6	;RP1=0, select bank0
   541     00AE  149F               	bsf	31,1	;volatile
   542     00AF                     l995:
   543                           
   544                           ;EEPROM.c: 105:       if(mimir == 1){
   545     00AF  0375               	decf	_mimir,w
   546     00B0  1D03               	btfss	3,2
   547     00B1  28B3               	goto	u201
   548     00B2  28B4               	goto	u200
   549     00B3                     u201:
   550     00B3  289B               	goto	l989
   551     00B4                     u200:
   552     00B4                     l997:
   553     00B4  0063               	sleep	;# 
   554     00B5  289B               	goto	l989
   555     00B6  120A  118A  280C   	ljmp	start
   556     00B9                     __end_of_main:
   557                           
   558                           	psect	text1
   559     005C                     __ptext1:	
   560 ;; *************** function _setup *****************
   561 ;; Defined at:
   562 ;;		line 117 in file "EEPROM.c"
   563 ;; Parameters:    Size  Location     Type
   564 ;;		None
   565 ;; Auto vars:     Size  Location     Type
   566 ;;		None
   567 ;; Return value:  Size  Location     Type
   568 ;;                  1    wreg      void 
   569 ;; Registers used:
   570 ;;		wreg, status,2, status,0, pclath, cstack
   571 ;; Tracked objects:
   572 ;;		On entry : 0/0
   573 ;;		On exit  : 0/0
   574 ;;		Unchanged: 0/0
   575 ;; Data sizes:     COMMON   BANK0   BANK1   BANK3   BANK2
   576 ;;      Params:         0       0       0       0       0
   577 ;;      Locals:         0       0       0       0       0
   578 ;;      Temps:          0       2       0       0       0
   579 ;;      Totals:         0       2       0       0       0
   580 ;;Total ram usage:        2 bytes
   581 ;; Hardware stack levels used: 1
   582 ;; Hardware stack levels required when called: 3
   583 ;; This function calls:
   584 ;;		_config_IO
   585 ;;		_config_innable
   586 ;;		_config_reloj
   587 ;;		_config_timer0
   588 ;;		_selec_ch
   589 ;;		_selec_just
   590 ;;		_selec_reloj
   591 ;;		_selec_volti
   592 ;; This function is called by:
   593 ;;		_main
   594 ;; This function uses a non-reentrant model
   595 ;;
   596                           
   597     005C                     _setup:	
   598                           ;psect for function _setup
   599                           
   600     005C                     l973:	
   601                           ;incstack = 0
   602                           ; Regs used in _setup: [wreg+status,2+status,0+pclath+cstack]
   603                           
   604     005C  1283               	bcf	3,5	;RP0=0, select bank0
   605     005D  1303               	bcf	3,6	;RP1=0, select bank0
   606     005E  141F               	bsf	31,0	;volatile
   607     005F                     l975:
   608                           
   609                           ;EEPROM.c: 121:     config_IO();
   610     005F  120A  118A  20F2  120A  118A  	fcall	_config_IO
   611     0064                     l977:
   612                           
   613                           ;EEPROM.c: 122:     config_reloj();
   614     0064  120A  118A  211E  120A  118A  	fcall	_config_reloj
   615     0069                     l979:
   616                           
   617                           ;EEPROM.c: 123:     config_timer0();
   618     0069  120A  118A  2116  120A  118A  	fcall	_config_timer0
   619                           
   620                           ;EEPROM.c: 124:     config_innable();
   621     006E  120A  118A  2108  120A  118A  	fcall	_config_innable
   622                           
   623                           ;EEPROM.c: 126:     selec_ch();
   624     0073  120A  118A  212F  120A  118A  	fcall	_selec_ch
   625     0078                     l981:
   626                           
   627                           ;EEPROM.c: 127:     _delay((unsigned long)((10)*(8000000/4000.0)));
   628     0078  301A               	movlw	26
   629     0079  1283               	bcf	3,5	;RP0=0, select bank0
   630     007A  1303               	bcf	3,6	;RP1=0, select bank0
   631     007B  00A1               	movwf	??_setup+1
   632     007C  30F7               	movlw	247
   633     007D  00A0               	movwf	??_setup
   634     007E                     u227:
   635     007E  0BA0               	decfsz	??_setup,f
   636     007F  287E               	goto	u227
   637     0080  0BA1               	decfsz	??_setup+1,f
   638     0081  287E               	goto	u227
   639     0082  2883               	nop2
   640                           
   641                           ;EEPROM.c: 129:     selec_volti();
   642     0083  120A  118A  2125  120A  118A  	fcall	_selec_volti
   643                           
   644                           ;EEPROM.c: 130:     selec_reloj();
   645     0088  120A  118A  212A  120A  118A  	fcall	_selec_reloj
   646                           
   647                           ;EEPROM.c: 131:     selec_just();
   648     008D  120A  118A  2134  120A  118A  	fcall	_selec_just
   649     0092                     l95:
   650     0092  0008               	return
   651     0093                     __end_of_setup:
   652                           
   653                           	psect	text2
   654     0125                     __ptext2:	
   655 ;; *************** function _selec_volti *****************
   656 ;; Defined at:
   657 ;;		line 49 in file "LEEPROM.c"
   658 ;; Parameters:    Size  Location     Type
   659 ;;		None
   660 ;; Auto vars:     Size  Location     Type
   661 ;;		None
   662 ;; Return value:  Size  Location     Type
   663 ;;                  1    wreg      void 
   664 ;; Registers used:
   665 ;;		None
   666 ;; Tracked objects:
   667 ;;		On entry : 0/0
   668 ;;		On exit  : 0/0
   669 ;;		Unchanged: 0/0
   670 ;; Data sizes:     COMMON   BANK0   BANK1   BANK3   BANK2
   671 ;;      Params:         0       0       0       0       0
   672 ;;      Locals:         0       0       0       0       0
   673 ;;      Temps:          0       0       0       0       0
   674 ;;      Totals:         0       0       0       0       0
   675 ;;Total ram usage:        0 bytes
   676 ;; Hardware stack levels used: 1
   677 ;; Hardware stack levels required when called: 2
   678 ;; This function calls:
   679 ;;		Nothing
   680 ;; This function is called by:
   681 ;;		_setup
   682 ;; This function uses a non-reentrant model
   683 ;;
   684                           
   685     0125                     _selec_volti:	
   686                           ;psect for function _selec_volti
   687                           
   688     0125                     l821:	
   689                           ;incstack = 0
   690                           ; Regs used in _selec_volti: []
   691                           
   692                           
   693                           ;LEEPROM.c: 50:  ADCON1bits.VCFG1 = 0;
   694     0125  1683               	bsf	3,5	;RP0=1, select bank1
   695     0126  1303               	bcf	3,6	;RP1=0, select bank1
   696     0127  129F               	bcf	31,5	;volatile
   697                           
   698                           ;LEEPROM.c: 51:  ADCON1bits.VCFG0 = 0;
   699     0128  121F               	bcf	31,4	;volatile
   700     0129                     l165:	
   701                           ;LEEPROM.c: 52:  return;
   702                           
   703     0129  0008               	return
   704     012A                     __end_of_selec_volti:
   705                           
   706                           	psect	text3
   707     012A                     __ptext3:	
   708 ;; *************** function _selec_reloj *****************
   709 ;; Defined at:
   710 ;;		line 94 in file "LEEPROM.c"
   711 ;; Parameters:    Size  Location     Type
   712 ;;		None
   713 ;; Auto vars:     Size  Location     Type
   714 ;;		None
   715 ;; Return value:  Size  Location     Type
   716 ;;                  1    wreg      void 
   717 ;; Registers used:
   718 ;;		None
   719 ;; Tracked objects:
   720 ;;		On entry : 0/0
   721 ;;		On exit  : 0/0
   722 ;;		Unchanged: 0/0
   723 ;; Data sizes:     COMMON   BANK0   BANK1   BANK3   BANK2
   724 ;;      Params:         0       0       0       0       0
   725 ;;      Locals:         0       0       0       0       0
   726 ;;      Temps:          0       0       0       0       0
   727 ;;      Totals:         0       0       0       0       0
   728 ;;Total ram usage:        0 bytes
   729 ;; Hardware stack levels used: 1
   730 ;; Hardware stack levels required when called: 2
   731 ;; This function calls:
   732 ;;		Nothing
   733 ;; This function is called by:
   734 ;;		_setup
   735 ;; This function uses a non-reentrant model
   736 ;;
   737                           
   738     012A                     _selec_reloj:	
   739                           ;psect for function _selec_reloj
   740                           
   741     012A                     l823:	
   742                           ;incstack = 0
   743                           ; Regs used in _selec_reloj: []
   744                           
   745                           
   746                           ;LEEPROM.c: 96:     ADCON0bits.ADCS1 = 1;
   747     012A  1283               	bcf	3,5	;RP0=0, select bank0
   748     012B  1303               	bcf	3,6	;RP1=0, select bank0
   749     012C  179F               	bsf	31,7	;volatile
   750                           
   751                           ;LEEPROM.c: 97:     ADCON0bits.ADCS0 = 0;
   752     012D  131F               	bcf	31,6	;volatile
   753     012E                     l177:	
   754                           ;LEEPROM.c: 98:     return;
   755                           
   756     012E  0008               	return
   757     012F                     __end_of_selec_reloj:
   758                           
   759                           	psect	text4
   760     0134                     __ptext4:	
   761 ;; *************** function _selec_just *****************
   762 ;; Defined at:
   763 ;;		line 44 in file "LEEPROM.c"
   764 ;; Parameters:    Size  Location     Type
   765 ;;		None
   766 ;; Auto vars:     Size  Location     Type
   767 ;;		None
   768 ;; Return value:  Size  Location     Type
   769 ;;                  1    wreg      void 
   770 ;; Registers used:
   771 ;;		None
   772 ;; Tracked objects:
   773 ;;		On entry : 0/0
   774 ;;		On exit  : 0/0
   775 ;;		Unchanged: 0/0
   776 ;; Data sizes:     COMMON   BANK0   BANK1   BANK3   BANK2
   777 ;;      Params:         0       0       0       0       0
   778 ;;      Locals:         0       0       0       0       0
   779 ;;      Temps:          0       0       0       0       0
   780 ;;      Totals:         0       0       0       0       0
   781 ;;Total ram usage:        0 bytes
   782 ;; Hardware stack levels used: 1
   783 ;; Hardware stack levels required when called: 2
   784 ;; This function calls:
   785 ;;		Nothing
   786 ;; This function is called by:
   787 ;;		_setup
   788 ;; This function uses a non-reentrant model
   789 ;;
   790                           
   791     0134                     _selec_just:	
   792                           ;psect for function _selec_just
   793                           
   794     0134                     l825:	
   795                           ;incstack = 0
   796                           ; Regs used in _selec_just: []
   797                           
   798                           
   799                           ;LEEPROM.c: 45:     ADCON1bits.ADFM = 0;
   800     0134  1683               	bsf	3,5	;RP0=1, select bank1
   801     0135  1303               	bcf	3,6	;RP1=0, select bank1
   802     0136  139F               	bcf	31,7	;volatile
   803     0137                     l162:	
   804                           ;LEEPROM.c: 46:     return;
   805                           
   806     0137  0008               	return
   807     0138                     __end_of_selec_just:
   808                           
   809                           	psect	text5
   810     012F                     __ptext5:	
   811 ;; *************** function _selec_ch *****************
   812 ;; Defined at:
   813 ;;		line 87 in file "LEEPROM.c"
   814 ;; Parameters:    Size  Location     Type
   815 ;;		None
   816 ;; Auto vars:     Size  Location     Type
   817 ;;		None
   818 ;; Return value:  Size  Location     Type
   819 ;;                  1    wreg      void 
   820 ;; Registers used:
   821 ;;		wreg, status,2, status,0
   822 ;; Tracked objects:
   823 ;;		On entry : 0/0
   824 ;;		On exit  : 0/0
   825 ;;		Unchanged: 0/0
   826 ;; Data sizes:     COMMON   BANK0   BANK1   BANK3   BANK2
   827 ;;      Params:         0       0       0       0       0
   828 ;;      Locals:         0       0       0       0       0
   829 ;;      Temps:          0       0       0       0       0
   830 ;;      Totals:         0       0       0       0       0
   831 ;;Total ram usage:        0 bytes
   832 ;; Hardware stack levels used: 1
   833 ;; Hardware stack levels required when called: 2
   834 ;; This function calls:
   835 ;;		Nothing
   836 ;; This function is called by:
   837 ;;		_setup
   838 ;; This function uses a non-reentrant model
   839 ;;
   840                           
   841     012F                     _selec_ch:	
   842                           ;psect for function _selec_ch
   843                           
   844     012F                     l817:	
   845                           ;incstack = 0
   846                           ; Regs used in _selec_ch: [wreg+status,2+status,0]
   847                           
   848                           
   849                           ;LEEPROM.c: 89:     ADCON0bits.CHS = 0b0000;
   850     012F  30C3               	movlw	-61
   851     0130  1283               	bcf	3,5	;RP0=0, select bank0
   852     0131  1303               	bcf	3,6	;RP1=0, select bank0
   853     0132  059F               	andwf	31,f	;volatile
   854     0133                     l174:
   855     0133  0008               	return
   856     0134                     __end_of_selec_ch:
   857                           
   858                           	psect	text6
   859     0116                     __ptext6:	
   860 ;; *************** function _config_timer0 *****************
   861 ;; Defined at:
   862 ;;		line 55 in file "LEEPROM.c"
   863 ;; Parameters:    Size  Location     Type
   864 ;;		None
   865 ;; Auto vars:     Size  Location     Type
   866 ;;		None
   867 ;; Return value:  Size  Location     Type
   868 ;;                  1    wreg      void 
   869 ;; Registers used:
   870 ;;		None
   871 ;; Tracked objects:
   872 ;;		On entry : 0/0
   873 ;;		On exit  : 0/0
   874 ;;		Unchanged: 0/0
   875 ;; Data sizes:     COMMON   BANK0   BANK1   BANK3   BANK2
   876 ;;      Params:         0       0       0       0       0
   877 ;;      Locals:         0       0       0       0       0
   878 ;;      Temps:          0       0       0       0       0
   879 ;;      Totals:         0       0       0       0       0
   880 ;;Total ram usage:        0 bytes
   881 ;; Hardware stack levels used: 1
   882 ;; Hardware stack levels required when called: 2
   883 ;; This function calls:
   884 ;;		Nothing
   885 ;; This function is called by:
   886 ;;		_setup
   887 ;; This function uses a non-reentrant model
   888 ;;
   889                           
   890     0116                     _config_timer0:	
   891                           ;psect for function _config_timer0
   892                           
   893     0116                     l797:	
   894                           ;incstack = 0
   895                           ; Regs used in _config_timer0: []
   896                           
   897                           
   898                           ;LEEPROM.c: 57:     OPTION_REGbits.T0CS = 0;
   899     0116  1683               	bsf	3,5	;RP0=1, select bank1
   900     0117  1303               	bcf	3,6	;RP1=0, select bank1
   901     0118  1281               	bcf	1,5	;volatile
   902                           
   903                           ;LEEPROM.c: 59:     OPTION_REGbits.PSA = 0;
   904     0119  1181               	bcf	1,3	;volatile
   905                           
   906                           ;LEEPROM.c: 61:     OPTION_REGbits.PS2 = 1;
   907     011A  1501               	bsf	1,2	;volatile
   908                           
   909                           ;LEEPROM.c: 62:     OPTION_REGbits.PS1 = 1;
   910     011B  1481               	bsf	1,1	;volatile
   911                           
   912                           ;LEEPROM.c: 63:     OPTION_REGbits.PS0 = 1;
   913     011C  1401               	bsf	1,0	;volatile
   914     011D                     l168:	
   915                           ;LEEPROM.c: 64:     return;
   916                           
   917     011D  0008               	return
   918     011E                     __end_of_config_timer0:
   919                           
   920                           	psect	text7
   921     011E                     __ptext7:	
   922 ;; *************** function _config_reloj *****************
   923 ;; Defined at:
   924 ;;		line 35 in file "LEEPROM.c"
   925 ;; Parameters:    Size  Location     Type
   926 ;;		None
   927 ;; Auto vars:     Size  Location     Type
   928 ;;		None
   929 ;; Return value:  Size  Location     Type
   930 ;;                  1    wreg      void 
   931 ;; Registers used:
   932 ;;		None
   933 ;; Tracked objects:
   934 ;;		On entry : 0/0
   935 ;;		On exit  : 0/0
   936 ;;		Unchanged: 0/0
   937 ;; Data sizes:     COMMON   BANK0   BANK1   BANK3   BANK2
   938 ;;      Params:         0       0       0       0       0
   939 ;;      Locals:         0       0       0       0       0
   940 ;;      Temps:          0       0       0       0       0
   941 ;;      Totals:         0       0       0       0       0
   942 ;;Total ram usage:        0 bytes
   943 ;; Hardware stack levels used: 1
   944 ;; Hardware stack levels required when called: 2
   945 ;; This function calls:
   946 ;;		Nothing
   947 ;; This function is called by:
   948 ;;		_setup
   949 ;; This function uses a non-reentrant model
   950 ;;
   951                           
   952     011E                     _config_reloj:	
   953                           ;psect for function _config_reloj
   954                           
   955     011E                     l795:	
   956                           ;incstack = 0
   957                           ; Regs used in _config_reloj: []
   958                           
   959                           
   960                           ;LEEPROM.c: 37:     OSCCONbits.IRCF2 = 1;
   961     011E  1683               	bsf	3,5	;RP0=1, select bank1
   962     011F  1303               	bcf	3,6	;RP1=0, select bank1
   963     0120  170F               	bsf	15,6	;volatile
   964                           
   965                           ;LEEPROM.c: 38:     OSCCONbits.IRCF1 = 1;
   966     0121  168F               	bsf	15,5	;volatile
   967                           
   968                           ;LEEPROM.c: 39:     OSCCONbits.IRCF0 = 1;
   969     0122  160F               	bsf	15,4	;volatile
   970                           
   971                           ;LEEPROM.c: 40:     OSCCONbits.SCS = 1;
   972     0123  140F               	bsf	15,0	;volatile
   973     0124                     l159:	
   974                           ;LEEPROM.c: 41:     return;
   975                           
   976     0124  0008               	return
   977     0125                     __end_of_config_reloj:
   978                           
   979                           	psect	text8
   980     0108                     __ptext8:	
   981 ;; *************** function _config_innable *****************
   982 ;; Defined at:
   983 ;;		line 69 in file "LEEPROM.c"
   984 ;; Parameters:    Size  Location     Type
   985 ;;		None
   986 ;; Auto vars:     Size  Location     Type
   987 ;;		None
   988 ;; Return value:  Size  Location     Type
   989 ;;                  1    wreg      void 
   990 ;; Registers used:
   991 ;;		wreg
   992 ;; Tracked objects:
   993 ;;		On entry : 0/0
   994 ;;		On exit  : 0/0
   995 ;;		Unchanged: 0/0
   996 ;; Data sizes:     COMMON   BANK0   BANK1   BANK3   BANK2
   997 ;;      Params:         0       0       0       0       0
   998 ;;      Locals:         0       0       0       0       0
   999 ;;      Temps:          0       0       0       0       0
  1000 ;;      Totals:         0       0       0       0       0
  1001 ;;Total ram usage:        0 bytes
  1002 ;; Hardware stack levels used: 1
  1003 ;; Hardware stack levels required when called: 2
  1004 ;; This function calls:
  1005 ;;		Nothing
  1006 ;; This function is called by:
  1007 ;;		_setup
  1008 ;; This function uses a non-reentrant model
  1009 ;;
  1010                           
  1011     0108                     _config_innable:	
  1012                           ;psect for function _config_innable
  1013                           
  1014     0108                     l799:	
  1015                           ;incstack = 0
  1016                           ; Regs used in _config_innable: [wreg]
  1017                           
  1018                           
  1019                           ;LEEPROM.c: 71:     OPTION_REGbits.nRBPU = 0;
  1020     0108  1683               	bsf	3,5	;RP0=1, select bank1
  1021     0109  1303               	bcf	3,6	;RP1=0, select bank1
  1022     010A  1381               	bcf	1,7	;volatile
  1023     010B                     l801:
  1024                           
  1025                           ;LEEPROM.c: 73:     IOCB = 0b01111111;
  1026     010B  307F               	movlw	127
  1027     010C  0096               	movwf	22	;volatile
  1028     010D                     l803:
  1029                           
  1030                           ;LEEPROM.c: 75:     GIE = 1;
  1031     010D  178B               	bsf	11,7	;volatile
  1032     010E                     l805:
  1033                           
  1034                           ;LEEPROM.c: 76:     PEIE = 1;
  1035     010E  170B               	bsf	11,6	;volatile
  1036     010F                     l807:
  1037                           
  1038                           ;LEEPROM.c: 77:     ADIE = 1;
  1039     010F  170C               	bsf	12,6	;volatile
  1040     0110                     l809:
  1041                           
  1042                           ;LEEPROM.c: 78:     RBIE = 1;
  1043     0110  158B               	bsf	11,3	;volatile
  1044     0111                     l811:
  1045                           
  1046                           ;LEEPROM.c: 80:     RBIF = 0;
  1047     0111  100B               	bcf	11,0	;volatile
  1048     0112                     l813:
  1049                           
  1050                           ;LEEPROM.c: 81:     ADIF = 0;
  1051     0112  1283               	bcf	3,5	;RP0=0, select bank0
  1052     0113  1303               	bcf	3,6	;RP1=0, select bank0
  1053     0114  130C               	bcf	12,6	;volatile
  1054     0115                     l171:
  1055     0115  0008               	return
  1056     0116                     __end_of_config_innable:
  1057                           
  1058                           	psect	text9
  1059     00F2                     __ptext9:	
  1060 ;; *************** function _config_IO *****************
  1061 ;; Defined at:
  1062 ;;		line 11 in file "LEEPROM.c"
  1063 ;; Parameters:    Size  Location     Type
  1064 ;;		None
  1065 ;; Auto vars:     Size  Location     Type
  1066 ;;		None
  1067 ;; Return value:  Size  Location     Type
  1068 ;;                  1    wreg      void 
  1069 ;; Registers used:
  1070 ;;		wreg, status,2
  1071 ;; Tracked objects:
  1072 ;;		On entry : 0/0
  1073 ;;		On exit  : 0/0
  1074 ;;		Unchanged: 0/0
  1075 ;; Data sizes:     COMMON   BANK0   BANK1   BANK3   BANK2
  1076 ;;      Params:         0       0       0       0       0
  1077 ;;      Locals:         0       0       0       0       0
  1078 ;;      Temps:          0       0       0       0       0
  1079 ;;      Totals:         0       0       0       0       0
  1080 ;;Total ram usage:        0 bytes
  1081 ;; Hardware stack levels used: 1
  1082 ;; Hardware stack levels required when called: 2
  1083 ;; This function calls:
  1084 ;;		Nothing
  1085 ;; This function is called by:
  1086 ;;		_setup
  1087 ;; This function uses a non-reentrant model
  1088 ;;
  1089                           
  1090     00F2                     _config_IO:	
  1091                           ;psect for function _config_IO
  1092                           
  1093     00F2                     l769:	
  1094                           ;incstack = 0
  1095                           ; Regs used in _config_IO: [wreg+status,2]
  1096                           
  1097                           
  1098                           ;LEEPROM.c: 14:     ANSEL = 0b00000001;
  1099     00F2  3001               	movlw	1
  1100     00F3  1683               	bsf	3,5	;RP0=1, select bank3
  1101     00F4  1703               	bsf	3,6	;RP1=1, select bank3
  1102     00F5  0088               	movwf	8	;volatile
  1103     00F6                     l771:
  1104                           
  1105                           ;LEEPROM.c: 15:     ANSELH = 0;
  1106     00F6  0189               	clrf	9	;volatile
  1107     00F7                     l773:
  1108                           
  1109                           ;LEEPROM.c: 17:     TRISA = 0b00000001;
  1110     00F7  3001               	movlw	1
  1111     00F8  1683               	bsf	3,5	;RP0=1, select bank1
  1112     00F9  1303               	bcf	3,6	;RP1=0, select bank1
  1113     00FA  0085               	movwf	5	;volatile
  1114     00FB                     l775:
  1115                           
  1116                           ;LEEPROM.c: 18:     TRISB = 0XFF;
  1117     00FB  30FF               	movlw	255
  1118     00FC  0086               	movwf	6	;volatile
  1119     00FD                     l777:
  1120                           
  1121                           ;LEEPROM.c: 19:     TRISC = 0b0;
  1122     00FD  0187               	clrf	7	;volatile
  1123     00FE                     l779:
  1124                           
  1125                           ;LEEPROM.c: 20:     TRISD = 0b0;
  1126     00FE  0188               	clrf	8	;volatile
  1127     00FF                     l781:
  1128                           
  1129                           ;LEEPROM.c: 21:     TRISE = 0b0;
  1130     00FF  0189               	clrf	9	;volatile
  1131     0100                     l783:
  1132                           
  1133                           ;LEEPROM.c: 24:     PORTA = 0;
  1134     0100  1283               	bcf	3,5	;RP0=0, select bank0
  1135     0101  1303               	bcf	3,6	;RP1=0, select bank0
  1136     0102  0185               	clrf	5	;volatile
  1137     0103                     l785:
  1138                           
  1139                           ;LEEPROM.c: 25:     PORTB = 0;
  1140     0103  0186               	clrf	6	;volatile
  1141     0104                     l787:
  1142                           
  1143                           ;LEEPROM.c: 26:     PORTC = 0;
  1144     0104  0187               	clrf	7	;volatile
  1145     0105                     l789:
  1146                           
  1147                           ;LEEPROM.c: 27:     PORTD = 0;
  1148     0105  0188               	clrf	8	;volatile
  1149     0106                     l791:
  1150                           
  1151                           ;LEEPROM.c: 28:     PORTE = 0;
  1152     0106  0189               	clrf	9	;volatile
  1153     0107                     l156:
  1154     0107  0008               	return
  1155     0108                     __end_of_config_IO:
  1156                           
  1157                           	psect	text10
  1158     0016                     __ptext10:	
  1159 ;; *************** function _isr *****************
  1160 ;; Defined at:
  1161 ;;		line 51 in file "EEPROM.c"
  1162 ;; Parameters:    Size  Location     Type
  1163 ;;		None
  1164 ;; Auto vars:     Size  Location     Type
  1165 ;;		None
  1166 ;; Return value:  Size  Location     Type
  1167 ;;                  1    wreg      void 
  1168 ;; Registers used:
  1169 ;;		wreg, status,2, status,0, pclath, cstack
  1170 ;; Tracked objects:
  1171 ;;		On entry : 0/0
  1172 ;;		On exit  : 0/0
  1173 ;;		Unchanged: 0/0
  1174 ;; Data sizes:     COMMON   BANK0   BANK1   BANK3   BANK2
  1175 ;;      Params:         0       0       0       0       0
  1176 ;;      Locals:         0       0       0       0       0
  1177 ;;      Temps:          2       0       0       0       0
  1178 ;;      Totals:         2       0       0       0       0
  1179 ;;Total ram usage:        2 bytes
  1180 ;; Hardware stack levels used: 1
  1181 ;; Hardware stack levels required when called: 1
  1182 ;; This function calls:
  1183 ;;		_Lec_EEPROM
  1184 ;;		_wrt_EEPROM
  1185 ;; This function is called by:
  1186 ;;		Interrupt level 1
  1187 ;; This function uses a non-reentrant model
  1188 ;;
  1189                           
  1190     0016                     _isr:	
  1191                           ;psect for function _isr
  1192                           
  1193     0016                     i1l941:
  1194                           
  1195                           ;EEPROM.c: 53:     if(ADIF){
  1196     0016  1283               	bcf	3,5	;RP0=0, select bank0
  1197     0017  1303               	bcf	3,6	;RP1=0, select bank0
  1198     0018  1F0C               	btfss	12,6	;volatile
  1199     0019  281B               	goto	u13_21
  1200     001A  281C               	goto	u13_20
  1201     001B                     u13_21:
  1202     001B  281F               	goto	i1l947
  1203     001C                     u13_20:
  1204     001C                     i1l943:
  1205                           
  1206                           ;EEPROM.c: 54:        PORTC = ADRESH;
  1207     001C  081E               	movf	30,w	;volatile
  1208     001D  0087               	movwf	7	;volatile
  1209     001E                     i1l945:
  1210                           
  1211                           ;EEPROM.c: 55:        ADIF = 0;
  1212     001E  130C               	bcf	12,6	;volatile
  1213     001F                     i1l947:
  1214                           
  1215                           ;EEPROM.c: 58:     if(RBIF){
  1216     001F  1C0B               	btfss	11,0	;volatile
  1217     0020  2822               	goto	u14_21
  1218     0021  2823               	goto	u14_20
  1219     0022                     u14_21:
  1220     0022  2855               	goto	i1l82
  1221     0023                     u14_20:
  1222     0023                     i1l949:
  1223                           
  1224                           ;EEPROM.c: 60:         if(RB0 == 0){
  1225     0023  1806               	btfsc	6,0	;volatile
  1226     0024  2826               	goto	u15_21
  1227     0025  2827               	goto	u15_20
  1228     0026                     u15_21:
  1229     0026  282B               	goto	i1l75
  1230     0027                     u15_20:
  1231     0027                     i1l951:
  1232                           
  1233                           ;EEPROM.c: 61:            mimir = 1;
  1234     0027  01F5               	clrf	_mimir
  1235     0028  0AF5               	incf	_mimir,f
  1236                           
  1237                           ;EEPROM.c: 62:            RE0 = 1;
  1238     0029  1409               	bsf	9,0	;volatile
  1239                           
  1240                           ;EEPROM.c: 63:         }
  1241     002A  2854               	goto	i1l971
  1242     002B                     i1l75:	
  1243                           ;EEPROM.c: 64:         else if(RB1 == 0){
  1244                           
  1245     002B  1886               	btfsc	6,1	;volatile
  1246     002C  282E               	goto	u16_21
  1247     002D  282F               	goto	u16_20
  1248     002E                     u16_21:
  1249     002E  2832               	goto	i1l77
  1250     002F                     u16_20:
  1251     002F                     i1l953:
  1252                           
  1253                           ;EEPROM.c: 65:             mimir = 0;
  1254     002F  01F5               	clrf	_mimir
  1255     0030                     i1l955:
  1256                           
  1257                           ;EEPROM.c: 66:             RE0 = 0;
  1258     0030  1009               	bcf	9,0	;volatile
  1259                           
  1260                           ;EEPROM.c: 67:         }
  1261     0031  2854               	goto	i1l971
  1262     0032                     i1l77:	
  1263                           ;EEPROM.c: 68:         else if(RB2 == 0){
  1264                           
  1265     0032  1906               	btfsc	6,2	;volatile
  1266     0033  2835               	goto	u17_21
  1267     0034  2836               	goto	u17_20
  1268     0035                     u17_21:
  1269     0035  2843               	goto	i1l79
  1270     0036                     u17_20:
  1271     0036                     i1l957:
  1272                           
  1273                           ;EEPROM.c: 70:             mimir = 0;
  1274     0036  01F5               	clrf	_mimir
  1275     0037                     i1l959:
  1276                           
  1277                           ;EEPROM.c: 71:             RE0 = 0;
  1278     0037  1009               	bcf	9,0	;volatile
  1279     0038                     i1l961:
  1280                           
  1281                           ;EEPROM.c: 73:             dato = PORTC;
  1282     0038  0807               	movf	7,w	;volatile
  1283     0039  00F6               	movwf	_dato
  1284     003A                     i1l963:
  1285                           
  1286                           ;EEPROM.c: 74:             wrt_EEPROM(address, dato);
  1287     003A  0876               	movf	_dato,w
  1288     003B  00F0               	movwf	wrt_EEPROM@data
  1289     003C  0877               	movf	_address,w
  1290     003D  120A  118A  20B9  120A  118A  	fcall	_wrt_EEPROM
  1291                           
  1292                           ;EEPROM.c: 76:         }
  1293     0042  2854               	goto	i1l971
  1294     0043                     i1l79:	
  1295                           ;EEPROM.c: 77:         else if(RB3 == 0){
  1296                           
  1297     0043  1986               	btfsc	6,3	;volatile
  1298     0044  2846               	goto	u18_21
  1299     0045  2847               	goto	u18_20
  1300     0046                     u18_21:
  1301     0046  2854               	goto	i1l78
  1302     0047                     u18_20:
  1303     0047                     i1l965:
  1304                           
  1305                           ;EEPROM.c: 78:             PORTD = 0;
  1306     0047  0188               	clrf	8	;volatile
  1307     0048                     i1l967:
  1308                           
  1309                           ;EEPROM.c: 79:             dato = Lec_EEPROM(address);
  1310     0048  0877               	movf	_address,w
  1311     0049  120A  118A  20DB  120A  118A  	fcall	_Lec_EEPROM
  1312     004E  00F6               	movwf	_dato
  1313     004F                     i1l969:
  1314                           
  1315                           ;EEPROM.c: 80:             PORTD = dato;
  1316     004F  0876               	movf	_dato,w
  1317     0050  1283               	bcf	3,5	;RP0=0, select bank0
  1318     0051  1303               	bcf	3,6	;RP1=0, select bank0
  1319     0052  0088               	movwf	8	;volatile
  1320     0053  2854               	goto	i1l971
  1321     0054                     i1l78:
  1322     0054                     i1l971:
  1323                           
  1324                           ;EEPROM.c: 83:         RBIF = 0;
  1325     0054  100B               	bcf	11,0	;volatile
  1326     0055                     i1l82:
  1327     0055  0874               	movf	??_isr+1,w
  1328     0056  008A               	movwf	10
  1329     0057  0E73               	swapf	??_isr,w
  1330     0058  0083               	movwf	3
  1331     0059  0EFE               	swapf	btemp,f
  1332     005A  0E7E               	swapf	btemp,w
  1333     005B  0009               	retfie
  1334     005C                     __end_of_isr:
  1335                           
  1336                           	psect	intentry
  1337     0004                     __pintentry:	
  1338                           ;incstack = 0
  1339                           ; Regs used in _isr: [wreg+status,2+status,0+pclath+cstack]
  1340                           
  1341     0004                     interrupt_function:
  1342     007E                     saved_w	set	btemp
  1343     0004  00FE               	movwf	btemp
  1344     0005  0E03               	swapf	3,w
  1345     0006  00F3               	movwf	??_isr
  1346     0007  080A               	movf	10,w
  1347     0008  00F4               	movwf	??_isr+1
  1348     0009  120A  118A  2816   	ljmp	_isr
  1349                           
  1350                           	psect	text11
  1351     00B9                     __ptext11:	
  1352 ;; *************** function _wrt_EEPROM *****************
  1353 ;; Defined at:
  1354 ;;		line 149 in file "EEPROM.c"
  1355 ;; Parameters:    Size  Location     Type
  1356 ;;  address         1    wreg     unsigned char 
  1357 ;;  data            1    0[COMMON] unsigned char 
  1358 ;; Auto vars:     Size  Location     Type
  1359 ;;  address         1    1[COMMON] unsigned char 
  1360 ;;  gieStatus       1    2[COMMON] unsigned char 
  1361 ;; Return value:  Size  Location     Type
  1362 ;;                  1    wreg      void 
  1363 ;; Registers used:
  1364 ;;		wreg, status,2, status,0
  1365 ;; Tracked objects:
  1366 ;;		On entry : 0/0
  1367 ;;		On exit  : 0/0
  1368 ;;		Unchanged: 0/0
  1369 ;; Data sizes:     COMMON   BANK0   BANK1   BANK3   BANK2
  1370 ;;      Params:         1       0       0       0       0
  1371 ;;      Locals:         2       0       0       0       0
  1372 ;;      Temps:          0       0       0       0       0
  1373 ;;      Totals:         3       0       0       0       0
  1374 ;;Total ram usage:        3 bytes
  1375 ;; Hardware stack levels used: 1
  1376 ;; This function calls:
  1377 ;;		Nothing
  1378 ;; This function is called by:
  1379 ;;		_isr
  1380 ;; This function uses a non-reentrant model
  1381 ;;
  1382                           
  1383     00B9                     _wrt_EEPROM:	
  1384                           ;psect for function _wrt_EEPROM
  1385                           
  1386                           
  1387                           ;incstack = 0
  1388                           ; Regs used in _wrt_EEPROM: [wreg+status,2+status,0]
  1389                           ;wrt_EEPROM@address stored from wreg
  1390     00B9  00F1               	movwf	wrt_EEPROM@address
  1391     00BA                     i1l919:
  1392     00BA                     i1l104:	
  1393                           ;EEPROM.c: 150:     uint8_t gieStatus;;EEPROM.c: 152:     while(WR);
  1394                           
  1395     00BA  1683               	bsf	3,5	;RP0=1, select bank3
  1396     00BB  1703               	bsf	3,6	;RP1=1, select bank3
  1397     00BC  188C               	btfsc	12,1	;volsfr
  1398     00BD  28BF               	goto	u12_21
  1399     00BE  28C0               	goto	u12_20
  1400     00BF                     u12_21:
  1401     00BF  28BA               	goto	i1l104
  1402     00C0                     u12_20:
  1403     00C0                     i1l921:
  1404                           
  1405                           ;EEPROM.c: 154:     EEADR = address;
  1406     00C0  0871               	movf	wrt_EEPROM@address,w
  1407     00C1  1283               	bcf	3,5	;RP0=0, select bank2
  1408     00C2  1703               	bsf	3,6	;RP1=1, select bank2
  1409     00C3  008D               	movwf	13	;volatile
  1410                           
  1411                           ;EEPROM.c: 155:     EEDAT = data;
  1412     00C4  0870               	movf	wrt_EEPROM@data,w
  1413     00C5  008C               	movwf	12	;volatile
  1414     00C6                     i1l923:
  1415                           
  1416                           ;EEPROM.c: 156:     EECON1bits.EEPGD = 0;
  1417     00C6  1683               	bsf	3,5	;RP0=1, select bank3
  1418     00C7  1703               	bsf	3,6	;RP1=1, select bank3
  1419     00C8  138C               	bcf	12,7	;volsfr
  1420     00C9                     i1l925:
  1421                           
  1422                           ;EEPROM.c: 157:     EECON1bits.WREN = 1;
  1423     00C9  150C               	bsf	12,2	;volsfr
  1424     00CA                     i1l927:
  1425                           
  1426                           ;EEPROM.c: 158:     gieStatus = GIE;
  1427     00CA  3000               	movlw	0
  1428     00CB  1B8B               	btfsc	11,7	;volatile
  1429     00CC  3001               	movlw	1
  1430     00CD  00F2               	movwf	wrt_EEPROM@gieStatus
  1431     00CE                     i1l929:
  1432                           
  1433                           ;EEPROM.c: 159:     INTCONbits.GIE = 0;
  1434     00CE  138B               	bcf	11,7	;volatile
  1435     00CF                     i1l931:
  1436                           
  1437                           ;EEPROM.c: 160:     EECON2 = 0X55;
  1438     00CF  3055               	movlw	85
  1439     00D0  008D               	movwf	13	;volsfr
  1440     00D1                     i1l933:
  1441                           
  1442                           ;EEPROM.c: 161:     EECON2 = 0XAA;
  1443     00D1  30AA               	movlw	170
  1444     00D2  008D               	movwf	13	;volsfr
  1445     00D3                     i1l935:
  1446                           
  1447                           ;EEPROM.c: 162:     EECON1bits.WR = 1;
  1448     00D3  148C               	bsf	12,1	;volsfr
  1449     00D4                     i1l937:
  1450                           
  1451                           ;EEPROM.c: 163:     EECON1bits.WREN = 0;
  1452     00D4  110C               	bcf	12,2	;volsfr
  1453     00D5                     i1l939:
  1454                           
  1455                           ;EEPROM.c: 165:     INTCONbits.GIE = gieStatus;
  1456     00D5  0C72               	rrf	wrt_EEPROM@gieStatus,w
  1457     00D6  1C03               	skipc
  1458     00D7  138B               	bcf	11,7	;volatile
  1459     00D8  1803               	skipnc
  1460     00D9  178B               	bsf	11,7	;volatile
  1461     00DA                     i1l107:
  1462     00DA  0008               	return
  1463     00DB                     __end_of_wrt_EEPROM:
  1464                           
  1465                           	psect	text12
  1466     00DB                     __ptext12:	
  1467 ;; *************** function _Lec_EEPROM *****************
  1468 ;; Defined at:
  1469 ;;		line 139 in file "EEPROM.c"
  1470 ;; Parameters:    Size  Location     Type
  1471 ;;  address         1    wreg     unsigned char 
  1472 ;; Auto vars:     Size  Location     Type
  1473 ;;  address         1    0[COMMON] unsigned char 
  1474 ;; Return value:  Size  Location     Type
  1475 ;;                  1    wreg      unsigned char 
  1476 ;; Registers used:
  1477 ;;		wreg
  1478 ;; Tracked objects:
  1479 ;;		On entry : 0/0
  1480 ;;		On exit  : 0/0
  1481 ;;		Unchanged: 0/0
  1482 ;; Data sizes:     COMMON   BANK0   BANK1   BANK3   BANK2
  1483 ;;      Params:         0       0       0       0       0
  1484 ;;      Locals:         1       0       0       0       0
  1485 ;;      Temps:          0       0       0       0       0
  1486 ;;      Totals:         1       0       0       0       0
  1487 ;;Total ram usage:        1 bytes
  1488 ;; Hardware stack levels used: 1
  1489 ;; This function calls:
  1490 ;;		Nothing
  1491 ;; This function is called by:
  1492 ;;		_isr
  1493 ;; This function uses a non-reentrant model
  1494 ;;
  1495                           
  1496     00DB                     _Lec_EEPROM:	
  1497                           ;psect for function _Lec_EEPROM
  1498                           
  1499                           
  1500                           ;incstack = 0
  1501                           ; Regs used in _Lec_EEPROM: [wreg]
  1502                           ;Lec_EEPROM@address stored from wreg
  1503     00DB  00F0               	movwf	Lec_EEPROM@address
  1504     00DC                     i1l849:
  1505     00DC                     i1l98:	
  1506                           ;EEPROM.c: 140:     while(WR || RD);
  1507                           
  1508     00DC  1683               	bsf	3,5	;RP0=1, select bank3
  1509     00DD  1703               	bsf	3,6	;RP1=1, select bank3
  1510     00DE  188C               	btfsc	12,1	;volsfr
  1511     00DF  28E1               	goto	u2_21
  1512     00E0  28E2               	goto	u2_20
  1513     00E1                     u2_21:
  1514     00E1  28DC               	goto	i1l98
  1515     00E2                     u2_20:
  1516     00E2                     i1l851:
  1517     00E2  180C               	btfsc	12,0	;volsfr
  1518     00E3  28E5               	goto	u3_21
  1519     00E4  28E6               	goto	u3_20
  1520     00E5                     u3_21:
  1521     00E5  28DC               	goto	i1l98
  1522     00E6                     u3_20:
  1523     00E6                     i1l853:
  1524                           
  1525                           ;EEPROM.c: 142:     EEADR = address;
  1526     00E6  0870               	movf	Lec_EEPROM@address,w
  1527     00E7  1283               	bcf	3,5	;RP0=0, select bank2
  1528     00E8  1703               	bsf	3,6	;RP1=1, select bank2
  1529     00E9  008D               	movwf	13	;volatile
  1530     00EA                     i1l855:
  1531                           
  1532                           ;EEPROM.c: 143:     EECON1bits.EEPGD = 0;
  1533     00EA  1683               	bsf	3,5	;RP0=1, select bank3
  1534     00EB  1703               	bsf	3,6	;RP1=1, select bank3
  1535     00EC  138C               	bcf	12,7	;volsfr
  1536     00ED                     i1l857:
  1537                           
  1538                           ;EEPROM.c: 144:     EECON1bits.RD = 1;
  1539     00ED  140C               	bsf	12,0	;volsfr
  1540                           
  1541                           ;EEPROM.c: 145:     return EEDAT;
  1542     00EE  1283               	bcf	3,5	;RP0=0, select bank2
  1543     00EF  1703               	bsf	3,6	;RP1=1, select bank2
  1544     00F0  080C               	movf	12,w	;volatile
  1545     00F1                     i1l101:
  1546     00F1  0008               	return
  1547     00F2                     __end_of_Lec_EEPROM:
  1548     007E                     btemp	set	126	;btemp
  1549     007E                     wtemp0	set	126
  1550                           
  1551                           	psect	idloc
  1552                           
  1553                           ;Config register IDLOC0 @ 0x2000
  1554                           ;	unspecified, using default values
  1555     2000                     	org	8192
  1556     2000  3FFF               	dw	16383
  1557                           
  1558                           ;Config register IDLOC1 @ 0x2001
  1559                           ;	unspecified, using default values
  1560     2001                     	org	8193
  1561     2001  3FFF               	dw	16383
  1562                           
  1563                           ;Config register IDLOC2 @ 0x2002
  1564                           ;	unspecified, using default values
  1565     2002                     	org	8194
  1566     2002  3FFF               	dw	16383
  1567                           
  1568                           ;Config register IDLOC3 @ 0x2003
  1569                           ;	unspecified, using default values
  1570     2003                     	org	8195
  1571     2003  3FFF               	dw	16383
  1572                           
  1573                           	psect	config
  1574                           
  1575                           ;Config register CONFIG1 @ 0x2007
  1576                           ;	Oscillator Selection bits
  1577                           ;	FOSC = INTRC_NOCLKOUT, INTOSCIO oscillator: I/O function on RA6/OSC2/CLKOUT pin, I/O f
      +                          unction on RA7/OSC1/CLKIN
  1578                           ;	Watchdog Timer Enable bit
  1579                           ;	WDTE = OFF, WDT disabled and can be enabled by SWDTEN bit of the WDTCON register
  1580                           ;	Power-up Timer Enable bit
  1581                           ;	PWRTE = OFF, PWRT disabled
  1582                           ;	RE3/MCLR pin function select bit
  1583                           ;	MCLRE = OFF, RE3/MCLR pin function is digital input, MCLR internally tied to VDD
  1584                           ;	Code Protection bit
  1585                           ;	CP = OFF, Program memory code protection is disabled
  1586                           ;	Data Code Protection bit
  1587                           ;	CPD = OFF, Data memory code protection is disabled
  1588                           ;	Brown Out Reset Selection bits
  1589                           ;	BOREN = OFF, BOR disabled
  1590                           ;	Internal External Switchover bit
  1591                           ;	IESO = OFF, Internal/External Switchover mode is disabled
  1592                           ;	Fail-Safe Clock Monitor Enabled bit
  1593                           ;	FCMEN = OFF, Fail-Safe Clock Monitor is disabled
  1594                           ;	Low Voltage Programming Enable bit
  1595                           ;	LVP = OFF, RB3 pin has digital I/O, HV on MCLR must be used for programming
  1596                           ;	In-Circuit Debugger Mode bit
  1597                           ;	DEBUG = 0x1, unprogramme  1598     2007                     	org	8199
  1599     2007  20D4               	dw	8404
  1600                           
  1601                           ;Config register CONFIG2 @ 0x2008
  1602                           ;	Brown-out Reset Selection bit
  1603                           ;	BOR4V = BOR40V, Brown-out Reset set to 4.0V
  1604                           ;	Flash Program Memory Self Write Enable bits
  1605                           ;	WRT = OFF, Write protection off
  1606     2008                     	org	8200
  1607     2008  3FFF               	dw	16383

Data Sizes:
    Strings     0
    Constant    0
    Data        0
    BSS         3
    Persistent  0
    Stack       0

Auto Spaces:
    Space          Size  Autos    Used
    COMMON           14      5       8
    BANK0            80      4       4
    BANK1            80      0       0
    BANK3            96      0       0
    BANK2            96      0       0

Pointer List with Targets:

    None.

Critical Paths under _main in COMMON

    None.

Critical Paths under _isr in COMMON

    _isr->_wrt_EEPROM

Critical Paths under _main in BANK0

    _main->_setup

Critical Paths under _isr in BANK0

    None.

Critical Paths under _main in BANK1

    None.

Critical Paths under _isr in BANK1

    None.

Critical Paths under _main in BANK3

    None.

Critical Paths under _isr in BANK3

    None.

Critical Paths under _main in BANK2

    None.

Critical Paths under _isr in BANK2

    None.

Call Graph Tables:

 ---------------------------------------------------------------------------------
 (Depth) Function   	        Calls       Base Space   Used Autos Params    Refs
 ---------------------------------------------------------------------------------
 (0) _main                                                 2     2      0       0
                                              2 BANK0      2     2      0
                              _setup
 ---------------------------------------------------------------------------------
 (1) _setup                                                2     2      0       0
                                              0 BANK0      2     2      0
                          _config_IO
                     _config_innable
                       _config_reloj
                      _config_timer0
                           _selec_ch
                         _selec_just
                        _selec_reloj
                        _selec_volti
 ---------------------------------------------------------------------------------
 (2) _selec_volti                                          0     0      0       0
 ---------------------------------------------------------------------------------
 (2) _selec_reloj                                          0     0      0       0
 ---------------------------------------------------------------------------------
 (2) _selec_just                                           0     0      0       0
 ---------------------------------------------------------------------------------
 (2) _selec_ch                                             0     0      0       0
 ---------------------------------------------------------------------------------
 (2) _config_timer0                                        0     0      0       0
 ---------------------------------------------------------------------------------
 (2) _config_reloj                                         0     0      0       0
 ---------------------------------------------------------------------------------
 (2) _config_innable                                       0     0      0       0
 ---------------------------------------------------------------------------------
 (2) _config_IO                                            0     0      0       0
 ---------------------------------------------------------------------------------
 Estimated maximum stack depth 2
 ---------------------------------------------------------------------------------
 (Depth) Function   	        Calls       Base Space   Used Autos Params    Refs
 ---------------------------------------------------------------------------------
 (3) _isr                                                  2     2      0     158
                                              3 COMMON     2     2      0
                         _Lec_EEPROM
                         _wrt_EEPROM
 ---------------------------------------------------------------------------------
 (4) _wrt_EEPROM                                           3     2      1     143
                                              0 COMMON     3     2      1
 ---------------------------------------------------------------------------------
 (4) _Lec_EEPROM                                           1     1      0      15
                                              0 COMMON     1     1      0
 ---------------------------------------------------------------------------------
 Estimated maximum stack depth 4
 ---------------------------------------------------------------------------------

 Call Graph Graphs:

 _main (ROOT)
   _setup
     _config_IO
     _config_innable
     _config_reloj
     _config_timer0
     _selec_ch
     _selec_just
     _selec_reloj
     _selec_volti

 _isr (ROOT)
   _Lec_EEPROM
   _wrt_EEPROM

 Address spaces:
Name               Size   Autos  Total    Cost      Usage
BITCOMMON            E      0       0       0        0.0%
EEDATA             100      0       0       0        0.0%
NULL                 0      0       0       0        0.0%
CODE                 0      0       0       0        0.0%
COMMON               E      5       8       1       57.1%
BITSFR0              0      0       0       1        0.0%
SFR0                 0      0       0       1        0.0%
BITSFR1              0      0       0       2        0.0%
SFR1                 0      0       0       2        0.0%
STACK                0      0       0       2        0.0%
ABS                  0      0       C       3        0.0%
BITBANK0            50      0       0       4        0.0%
BITSFR3              0      0       0       4        0.0%
SFR3                 0      0       0       4        0.0%
BANK0               50      4       4       5        5.0%
BITSFR2              0      0       0       5        0.0%
SFR2                 0      0       0       5        0.0%
BITBANK1            50      0       0       6        0.0%
BANK1               50      0       0       7        0.0%
BITBANK3            60      0       0       8        0.0%
BANK3               60      0       0       9        0.0%
BITBANK2            60      0       0      10        0.0%
BANK2               60      0       0      11        0.0%
DATA                 0      0       C      12        0.0%


Microchip Technology PIC Macro Assembler V2.40 build 20220703182018 
Symbol Table                                                                                   Tue Apr 25 20:45:39 2023

                     l95 0092                       _RD 0C60                       _WR 0C61  
                    l162 0137                      l171 0115                      l156 0107  
                    l165 0129                      l174 0133                      l159 0124  
                    l168 011D                      l177 012E                      l801 010B  
                    l811 0111                      l803 010D                      l813 0112  
                    l805 010E                      l821 0125                      l807 010F  
                    l823 012A                      l809 0110                      l817 012F  
                    l825 0134                      l771 00F6                      l781 00FF  
                    l773 00F7                      l791 0106                      l783 0100  
                    l775 00FB                      l785 0103                      l777 00FD  
                    l769 00F2                      l787 0104                      l779 00FE  
                    l795 011E                      l789 0105                      l797 0116  
                    l981 0078                      l973 005C                      l799 0108  
                    l975 005F                      l991 00A1                      l977 0064  
                    l993 00AC                      l985 0093                      l979 0069  
                    l995 00AF                      l987 0098                      _GIE 005F  
                    l997 00B4                      l989 009B                      _RB0 0030  
                    _RB1 0031                      _RB2 0032                      _RB3 0033  
                    _RE0 0048                      u200 00B4                      u201 00B3  
                    u217 00A7                      u227 007E                      u190 00A1  
                    u191 00A0                      _isr 0016                     _ADIE 0466  
                   _ADIF 0066                     ?_isr 0070                     _IOCB 0096  
                   _PEIE 005E                     _RBIE 005B                     _RBIF 0058  
                   i1l82 0055                     i1l75 002B                     i1l77 0032  
                   i1l78 0054                     i1l79 0043                     i1l98 00DC  
                   u2_20 00E2                     u2_21 00E1                     u3_20 00E6  
                   u3_21 00E5                     _dato 0076                     _main 0093  
                   btemp 007E           ??_config_reloj 0075                     start 000C  
             _Lec_EEPROM 00DB                    ??_isr 0073                    ?_main 0070  
                  _EEADR 010D                    _EEDAT 010C                    _ANSEL 0188  
                  i1l101 00F1                    i1l104 00BA                    i1l107 00DA  
                  i1l921 00C0                    i1l851 00E2                    i1l931 00CF  
                  i1l923 00C6                    i1l853 00E6                    i1l933 00D1  
                  i1l925 00C9                    i1l941 0016                    i1l855 00EA  
                  i1l935 00D3                    i1l927 00CA                    i1l919 00BA  
                  i1l951 0027                    i1l943 001C                    i1l857 00ED  
                  i1l849 00DC                    i1l937 00D4                    i1l929 00CE  
                  i1l961 0038                    i1l953 002F                    i1l945 001E  
                  i1l939 00D5                    i1l963 003A                    i1l955 0030  
                  i1l971 0054                    i1l947 001F                    i1l965 0047  
                  i1l957 0036                    i1l949 0023                    i1l967 0048  
                  i1l959 0037                    i1l969 004F                    u12_20 00C0  
                  u12_21 00BF                    u13_20 001C                    u13_21 001B  
                  u14_20 0023                    u14_21 0022                    u15_20 0027  
                  u15_21 0026                    u16_20 002F                    u16_21 002E  
                  u17_20 0036                    u17_21 0035                    u18_20 0047  
                  u18_21 0046                    _PORTA 0005                    _PORTB 0006  
                  _PORTC 0007                    _PORTD 0008                    _PORTE 0009  
                  _TRISA 0085                    _TRISB 0086                    _TRISC 0087  
                  _TRISD 0088                    _TRISE 0089                    _mimir 0075  
                  _setup 005C                    pclath 000A                    status 0003  
        ??_config_timer0 0075                    wtemp0 007E          __initialization 000F  
           __end_of_main 00B9                   ??_main 0022             ?_selec_reloj 0070  
           ?_selec_volti 0070           wrt_EEPROM@data 0070                   _ADRESH 001E  
                 _EECON2 018D                   ?_setup 0070                   _ANSELH 0189  
            ?_Lec_EEPROM 0070         __end_of_selec_ch 0134     __end_of_config_reloj 0125  
                 saved_w 007E         ??_config_innable 0075  __end_of__initialization 0012  
         __pcstackCOMMON 0070            __end_of_setup 0093           _OPTION_REGbits 0081  
                ??_setup 0020               __pmaintext 0093               __pintentry 0004  
      wrt_EEPROM@address 0071                ?_selec_ch 0070        __end_of_config_IO 0108  
                _address 0077                  __ptext1 005C                  __ptext2 0125  
                __ptext3 012A                  __ptext4 0134                  __ptext5 012F  
                __ptext6 0116                  __ptext7 011E                  __ptext8 0108  
                __ptext9 00F2     end_of_initialization 0012               _selec_just 0134  
  __end_of_config_timer0 011E               ??_selec_ch 0075             ??_Lec_EEPROM 0070  
           _config_reloj 011E      wrt_EEPROM@gieStatus 0072       __end_of_Lec_EEPROM 00F2  
             _wrt_EEPROM 00B9      start_initialization 000F              __end_of_isr 005C  
            ?_selec_just 0070              __pbssCOMMON 0075                ___latbits 0002  
          __pcstackBANK0 0020              ?_wrt_EEPROM 0070                _config_IO 00F2  
          ??_selec_reloj 0075            ??_selec_volti 0075        interrupt_function 0004  
             ?_config_IO 0070               _ADCON0bits 001F               _ADCON1bits 009F  
    __end_of_selec_reloj 012F      __end_of_selec_volti 012A               _EECON1bits 018C  
               __ptext10 0016                 __ptext11 00B9                 __ptext12 00DB  
           ??_selec_just 0075           _config_innable 0108                 _selec_ch 012F  
            ??_config_IO 0075       __end_of_selec_just 0138               _INTCONbits 000B  
            _selec_reloj 012A        Lec_EEPROM@address 0070              _selec_volti 0125  
 __end_of_config_innable 0116                 intlevel1 0000             ??_wrt_EEPROM 0071  
             _OSCCONbits 008F            _config_timer0 0116       __end_of_wrt_EEPROM 00DB  
        ?_config_innable 0070           ?_config_timer0 0070            ?_config_reloj 0070  
